  OnlineSysDlg.cpp
C:\Users\Owner\Desktop\my_Camera\online_system\OnlineSys\OnlineSysDlg.cpp(71,35): warning C4305: 'initializing': truncation from 'double' to 'float'
C:\Users\Owner\Desktop\my_Camera\online_system\OnlineSys\OnlineSysDlg.cpp(72,33): warning C4305: 'initializing': truncation from 'double' to 'float'
C:\Users\Owner\Desktop\my_Camera\online_system\OnlineSys\OnlineSysDlg.cpp(73,34): warning C4305: 'initializing': truncation from 'double' to 'float'
C:\Users\Owner\Desktop\my_Camera\online_system\OnlineSys\OnlineSysDlg.cpp(676,26): warning C4267: 'initializing': conversion from 'size_t' to 'int', possible loss of data
C:\Users\Owner\Desktop\my_Camera\online_system\OnlineSys\OnlineSysDlg.cpp(683,11): warning C4244: 'initializing': conversion from 'double' to 'int', possible loss of data
C:\Users\Owner\Desktop\my_Camera\online_system\OnlineSys\OnlineSysDlg.cpp(684,15): warning C4244: '=': conversion from 'double' to 'int', possible loss of data
C:\Users\Owner\Desktop\my_Camera\online_system\OnlineSys\OnlineSysDlg.cpp(679,8): warning C4101: 'hexv': unreferenced local variable
C:\Users\Owner\Desktop\my_Camera\online_system\OnlineSys\OnlineSysDlg.cpp(961,60): warning C4244: 'argument': conversion from 'const float' to '_Tp', possible loss of data
          with
          [
              _Tp=int
          ]
C:\Users\Owner\Desktop\my_Camera\online_system\OnlineSys\OnlineSysDlg.cpp(961,54): warning C4244: 'argument': conversion from 'const float' to '_Tp', possible loss of data
          with
          [
              _Tp=int
          ]
C:\Users\Owner\Desktop\my_Camera\online_system\OnlineSys\OnlineSysDlg.cpp(988,41): warning C4144: '>=': relational expression as switch expression
C:\Users\Owner\Desktop\my_Camera\online_system\OnlineSys\OnlineSysDlg.cpp(993,60): warning C4267: 'argument': conversion from 'size_t' to 'int', possible loss of data
C:\Users\Owner\Desktop\my_Camera\online_system\OnlineSys\OnlineSysDlg.cpp(997,67): warning C4145: '&&': relational expression as switch expression; possible confusion with '&'
C:\Users\Owner\Desktop\my_Camera\online_system\OnlineSys\OnlineSysDlg.cpp(1022,78): warning C4244: 'argument': conversion from 'double' to '_Tp', possible loss of data
          with
          [
              _Tp=int
          ]
C:\Users\Owner\Desktop\my_Camera\online_system\OnlineSys\OnlineSysDlg.cpp(1022,37): warning C4244: 'argument': conversion from 'double' to '_Tp', possible loss of data
          with
          [
              _Tp=int
          ]
C:\Users\Owner\Desktop\my_Camera\online_system\OnlineSys\OnlineSysDlg.cpp(1042,25): warning C4267: '=': conversion from 'size_t' to 'int', possible loss of data
  Generating code
  72 of 953 functions ( 7.6%) were compiled, the rest were copied from previous compilation.
    0 functions were new in current compilation
    20 functions had inline decision re-evaluated but remain unchanged
  Finished generating code
  OnlineSys.vcxproj -> C:\Users\Owner\Desktop\my_Camera\online_system\OnlineSys\x64\Release\OnlineSys.exe
